#
# There is insufficient memory for the Java Runtime Environment to continue.
# Native memory allocation (malloc) failed to allocate 32744 bytes for Chunk::new
# Possible reasons:
#   The system is out of physical RAM or swap space
#   The process is running with CompressedOops enabled, and the Java Heap may be blocking the growth of the native heap
# Possible solutions:
#   Reduce memory load on the system
#   Increase physical memory or swap space
#   Check if swap backing store is full
#   Decrease Java heap size (-Xmx/-Xms)
#   Decrease number of Java threads
#   Decrease Java thread stack sizes (-Xss)
#   Set larger code cache with -XX:ReservedCodeCacheSize=
#   JVM is running with Unscaled Compressed Oops mode in which the Java heap is
#     placed in the first 4GB address space. The Java Heap base address is the
#     maximum limit for the native heap growth. Please use -XX:HeapBaseMinAddress
#     to set the Java Heap base and to place the Java Heap above 4GB virtual address.
# This output file may be truncated or incomplete.
#
#  Out of Memory Error (arena.cpp:184), pid=22404, tid=41216
#
# JRE version: OpenJDK Runtime Environment (19.0.1+10) (build 19.0.1+10-21)
# Java VM: OpenJDK 64-Bit Server VM (19.0.1+10-21, mixed mode, sharing, tiered, compressed oops, compressed class ptrs, g1 gc, windows-amd64)
# No core dump will be written. Minidumps are not enabled by default on client versions of Windows
#

---------------  S U M M A R Y ------------

Command Line: -Dvisualvm.id=35246095762800 -javaagent:C:\Program Files\JetBrains\IntelliJ IDEA 2024.1.1\lib\idea_rt.jar=61369:C:\Program Files\JetBrains\IntelliJ IDEA 2024.1.1\bin -Dfile.encoding=UTF-8 -Dsun.stdout.encoding=UTF-8 -Dsun.stderr.encoding=UTF-8 org.example.is_coursework.IsCourseWorkApplication

Host: 11th Gen Intel(R) Core(TM) i5-11300H @ 3.10GHz, 8 cores, 7G,  Windows 10 , 64 bit Build 19041 (10.0.19041.5072)
Time: Sat Dec  7 20:46:59 2024 RTZ 2 (s 10 , 64 bit Build 19041 (10.0.19041.5072) elapsed time: 17.885613 seconds (0d 0h 0m 17s)

---------------  T H R E A D  ---------------

Current thread (0x0000020efebae1e0):  JavaThread "C2 CompilerThread0" daemon [_thread_in_native, id=41216, stack(0x000000447d500000,0x000000447d600000)]


Current CompileTask:
C2:  17885 7678       4       org.springframework.core.ResolvableType::forType (112 bytes)

Stack: [0x000000447d500000,0x000000447d600000]
Native frames: (J=compiled Java code, j=interpreted, Vv=VM code, C=native code)
V  [jvm.dll+0x6ee8fa]
V  [jvm.dll+0x857a1e]
V  [jvm.dll+0x85940e]
V  [jvm.dll+0x859ac3]
V  [jvm.dll+0x28291f]
V  [jvm.dll+0xc9b5f]
V  [jvm.dll+0xc9ee5]
V  [jvm.dll+0x3c249d]
V  [jvm.dll+0x3c1b41]
V  [jvm.dll+0x3c1b84]
V  [jvm.dll+0x5d1195]
V  [jvm.dll+0x5d190b]
V  [jvm.dll+0x386230]
V  [jvm.dll+0x38567a]
V  [jvm.dll+0x24c2c9]
V  [jvm.dll+0x24b671]
V  [jvm.dll+0x1d6d61]
V  [jvm.dll+0x25b0fa]
V  [jvm.dll+0x259588]
V  [jvm.dll+0x807928]
V  [jvm.dll+0x8015fa]
V  [jvm.dll+0x6ed5eb]
C  [ucrtbase.dll+0x21bb2]
C  [KERNEL32.DLL+0x17374]
C  [ntdll.dll+0x4cc91]


---------------  P R O C E S S  ---------------

Threads class SMR info:
_java_thread_list=0x0000020e8ebaffd0, length=30, elements={
0x0000020efeb9e330, 0x0000020efeb9f1b0, 0x0000020efeba4990, 0x0000020efeba63c0,
0x0000020efeba7a00, 0x0000020efebac200, 0x0000020efebae1e0, 0x0000020efebd1880,
0x0000020efebe4450, 0x0000020efebe39b0, 0x0000020efebe3460, 0x0000020efebe5990,
0x0000020e8daa58e0, 0x0000020e8daa9350, 0x0000020e8daa8360, 0x0000020e8daab880,
0x0000020e8daaa890, 0x0000020e8daa9df0, 0x0000020e8daa98a0, 0x0000020e8daaade0,
0x0000020e8daa48f0, 0x0000020e8daa7e10, 0x0000020e8daa6e20, 0x0000020e8daa4e40,
0x0000020e8daa7370, 0x0000020e8daa88b0, 0x0000020e8daa6380, 0x0000020e8df84f10,
0x0000020e8df88430, 0x0000020e8df85f00
}

Java Threads: ( => current thread )
  0x0000020efeb9e330 JavaThread "Reference Handler" daemon [_thread_blocked, id=30140, stack(0x000000447cf00000,0x000000447d000000)]
  0x0000020efeb9f1b0 JavaThread "Finalizer" daemon [_thread_blocked, id=21664, stack(0x000000447d000000,0x000000447d100000)]
  0x0000020efeba4990 JavaThread "Signal Dispatcher" daemon [_thread_blocked, id=22376, stack(0x000000447d100000,0x000000447d200000)]
  0x0000020efeba63c0 JavaThread "Attach Listener" daemon [_thread_blocked, id=24776, stack(0x000000447d200000,0x000000447d300000)]
  0x0000020efeba7a00 JavaThread "Service Thread" daemon [_thread_blocked, id=21804, stack(0x000000447d300000,0x000000447d400000)]
  0x0000020efebac200 JavaThread "Monitor Deflation Thread" daemon [_thread_blocked, id=1908, stack(0x000000447d400000,0x000000447d500000)]
=>0x0000020efebae1e0 JavaThread "C2 CompilerThread0" daemon [_thread_in_native, id=41216, stack(0x000000447d500000,0x000000447d600000)]
  0x0000020efebd1880 JavaThread "C1 CompilerThread0" daemon [_thread_blocked, id=44952, stack(0x000000447d600000,0x000000447d700000)]
  0x0000020efebe4450 JavaThread "Sweeper thread" daemon [_thread_blocked, id=12508, stack(0x000000447d700000,0x000000447d800000)]
  0x0000020efebe39b0 JavaThread "Common-Cleaner" daemon [_thread_blocked, id=49088, stack(0x000000447d800000,0x000000447d900000)]
  0x0000020efebe3460 JavaThread "Monitor Ctrl-Break" daemon [_thread_in_native, id=1456, stack(0x000000447d900000,0x000000447da00000)]
  0x0000020efebe5990 JavaThread "Notification Thread" daemon [_thread_blocked, id=24988, stack(0x000000447da00000,0x000000447db00000)]
  0x0000020e8daa58e0 JavaThread "PostgreSQL-JDBC-Cleaner" daemon [_thread_blocked, id=15388, stack(0x000000447dc00000,0x000000447dd00000)]
  0x0000020e8daa9350 JavaThread "HikariPool-1 housekeeper" daemon [_thread_blocked, id=16428, stack(0x000000447e600000,0x000000447e700000)]
  0x0000020e8daa8360 JavaThread "Catalina-utility-1" [_thread_blocked, id=29864, stack(0x000000447e900000,0x000000447ea00000)]
  0x0000020e8daab880 JavaThread "Catalina-utility-2" [_thread_blocked, id=18896, stack(0x000000447ea00000,0x000000447eb00000)]
  0x0000020e8daaa890 JavaThread "container-0" [_thread_blocked, id=5260, stack(0x000000447eb00000,0x000000447ec00000)]
  0x0000020e8daa9df0 JavaThread "http-nio-9876-exec-1" daemon [_thread_blocked, id=16436, stack(0x000000447ec00000,0x000000447ed00000)]
  0x0000020e8daa98a0 JavaThread "http-nio-9876-exec-2" daemon [_thread_in_vm, id=17184, stack(0x000000447ed00000,0x000000447ee00000)]
  0x0000020e8daaade0 JavaThread "http-nio-9876-exec-3" daemon [_thread_blocked, id=38136, stack(0x000000447ee00000,0x000000447ef00000)]
  0x0000020e8daa48f0 JavaThread "http-nio-9876-exec-4" daemon [_thread_blocked, id=42148, stack(0x000000447ef00000,0x000000447f000000)]
  0x0000020e8daa7e10 JavaThread "http-nio-9876-exec-5" daemon [_thread_blocked, id=44700, stack(0x000000447f000000,0x000000447f100000)]
  0x0000020e8daa6e20 JavaThread "http-nio-9876-exec-6" daemon [_thread_blocked, id=43852, stack(0x000000447f100000,0x000000447f200000)]
  0x0000020e8daa4e40 JavaThread "http-nio-9876-exec-7" daemon [_thread_blocked, id=15792, stack(0x000000447f200000,0x000000447f300000)]
  0x0000020e8daa7370 JavaThread "http-nio-9876-exec-8" daemon [_thread_blocked, id=40152, stack(0x000000447f300000,0x000000447f400000)]
  0x0000020e8daa88b0 JavaThread "http-nio-9876-exec-9" daemon [_thread_blocked, id=42676, stack(0x000000447f400000,0x000000447f500000)]
  0x0000020e8daa6380 JavaThread "http-nio-9876-exec-10" daemon [_thread_blocked, id=38908, stack(0x000000447f500000,0x000000447f600000)]
  0x0000020e8df84f10 JavaThread "http-nio-9876-Poller" daemon [_thread_in_native, id=39204, stack(0x000000447f600000,0x000000447f700000)]
  0x0000020e8df88430 JavaThread "http-nio-9876-Acceptor" daemon [_thread_in_native, id=20120, stack(0x000000447f700000,0x000000447f800000)]
  0x0000020e8df85f00 JavaThread "DestroyJavaVM" [_thread_blocked, id=48616, stack(0x000000447c800000,0x000000447c900000)]

Other Threads:
  0x0000020efeb876b0 VMThread "VM Thread" [stack: 0x000000447ce00000,0x000000447cf00000] [id=10788]
  0x0000020e8a208a80 WatcherThread "VM Periodic Task Thread" [stack: 0x000000447db00000,0x000000447dc00000] [id=31808]
  0x0000020ee63aa800 WorkerThread "GC Thread#0" [stack: 0x000000447c900000,0x000000447ca00000] [id=30280]
  0x0000020e8ade5d20 WorkerThread "GC Thread#1" [stack: 0x000000447dd00000,0x000000447de00000] [id=27172]
  0x0000020e8ad80470 WorkerThread "GC Thread#2" [stack: 0x000000447de00000,0x000000447df00000] [id=20004]
  0x0000020e8ad80740 WorkerThread "GC Thread#3" [stack: 0x000000447df00000,0x000000447e000000] [id=18936]
  0x0000020e8ae186b0 WorkerThread "GC Thread#4" [stack: 0x000000447e000000,0x000000447e100000] [id=5196]
  0x0000020e8ae20990 WorkerThread "GC Thread#5" [stack: 0x000000447e100000,0x000000447e200000] [id=31636]
  0x0000020e8ae29290 WorkerThread "GC Thread#6" [stack: 0x000000447e300000,0x000000447e400000] [id=33732]
  0x0000020e8ae29560 WorkerThread "GC Thread#7" [stack: 0x000000447e400000,0x000000447e500000] [id=25860]
  0x0000020ee63b6c20 ConcurrentGCThread "G1 Main Marker" [stack: 0x000000447ca00000,0x000000447cb00000] [id=20708]
  0x0000020ee425ebf0 WorkerThread "G1 Conc#0" [stack: 0x000000447cb00000,0x000000447cc00000] [id=1204]
  0x0000020e8ae2a370 WorkerThread "G1 Conc#1" [stack: 0x000000447e500000,0x000000447e600000] [id=48744]
  0x0000020ee63fe0f0 ConcurrentGCThread "G1 Refine#0" [stack: 0x000000447cc00000,0x000000447cd00000] [id=31284]
  0x0000020ee63fec30 ConcurrentGCThread "G1 Service" [stack: 0x000000447cd00000,0x000000447ce00000] [id=27348]

Threads with active compile tasks:
C2 CompilerThread0    17940 7678       4       org.springframework.core.ResolvableType::forType (112 bytes)

VM state: not at safepoint (normal execution)

VM Mutex/Monitor currently owned by a thread: None

Heap address: 0x0000000084000000, size: 1984 MB, Compressed Oops mode: 32-bit

CDS archive(s) mapped at: [0x0000000800000000-0x0000000800c30000-0x0000000800c30000), size 12779520, SharedBaseAddress: 0x0000000800000000, ArchiveRelocationMode: 0.
Compressed class space mapped at: 0x0000000801000000-0x0000000841000000, reserved size: 1073741824
Narrow klass base: 0x0000000800000000, Narrow klass shift: 0, Narrow klass range: 0x100000000

GC Precious Log:
 CardTable entry size: 512
 Card Set container configuration: InlinePtr #cards 5 size 8 Array Of Cards #cards 12 size 40 Howl #buckets 4 coarsen threshold 1843 Howl Bitmap #cards 512 size 80 coarsen threshold 460 Card regions per heap region 1 cards per card region 2048
 CPUs: 8 total, 8 available
 Memory: 7930M
 Large Page Support: Disabled
 NUMA Support: Disabled
 Compressed Oops: Enabled (32-bit)
 Heap Region Size: 1M
 Heap Min Capacity: 8M
 Heap Initial Capacity: 124M
 Heap Max Capacity: 1984M
 Pre-touch: Disabled
 Parallel Workers: 8
 Concurrent Workers: 2
 Concurrent Refinement Workers: 8
 Periodic GC: Disabled

Heap:
 garbage-first heap   total 96256K, used 73748K [0x0000000084000000, 0x0000000100000000)
  region size 1024K, 47 young (48128K), 6 survivors (6144K)
 Metaspace       used 82660K, committed 83328K, reserved 1179648K
  class space    used 11133K, committed 11456K, reserved 1048576K

Heap Regions: E=young(eden), S=young(survivor), O=old, HS=humongous(starts), HC=humongous(continues), CS=collection set, F=free, OA=open archive, CA=closed archive, TAMS=top-at-mark-start (previous, next)
|   0|0x0000000084000000, 0x0000000084100000, 0x0000000084100000|100%|HS|  |TAMS 0x0000000084100000, 0x0000000084000000| Complete 
|   1|0x0000000084100000, 0x0000000084200000, 0x0000000084200000|100%|HS|  |TAMS 0x0000000084200000, 0x0000000084100000| Complete 
|   2|0x0000000084200000, 0x0000000084300000, 0x0000000084300000|100%| O|  |TAMS 0x0000000084300000, 0x0000000084200000| Untracked 
|   3|0x0000000084300000, 0x0000000084400000, 0x0000000084400000|100%| O|  |TAMS 0x0000000084400000, 0x0000000084300000| Untracked 
|   4|0x0000000084400000, 0x0000000084500000, 0x0000000084500000|100%| O|  |TAMS 0x0000000084500000, 0x0000000084400000| Untracked 
|   5|0x0000000084500000, 0x0000000084600000, 0x0000000084600000|100%| O|  |TAMS 0x0000000084600000, 0x0000000084500000| Untracked 
|   6|0x0000000084600000, 0x0000000084700000, 0x0000000084700000|100%| O|  |TAMS 0x0000000084700000, 0x0000000084600000| Untracked 
|   7|0x0000000084700000, 0x0000000084800000, 0x0000000084800000|100%| O|  |TAMS 0x0000000084800000, 0x0000000084700000| Untracked 
|   8|0x0000000084800000, 0x0000000084900000, 0x0000000084900000|100%| O|  |TAMS 0x0000000084900000, 0x0000000084800000| Untracked 
|   9|0x0000000084900000, 0x0000000084a00000, 0x0000000084a00000|100%| O|  |TAMS 0x0000000084a00000, 0x0000000084900000| Untracked 
|  10|0x0000000084a00000, 0x0000000084b00000, 0x0000000084b00000|100%| O|  |TAMS 0x0000000084b00000, 0x0000000084a00000| Untracked 
|  11|0x0000000084b00000, 0x0000000084c00000, 0x0000000084c00000|100%| O|  |TAMS 0x0000000084c00000, 0x0000000084b00000| Untracked 
|  12|0x0000000084c00000, 0x0000000084d00000, 0x0000000084d00000|100%| O|  |TAMS 0x0000000084d00000, 0x0000000084c00000| Untracked 
|  13|0x0000000084d00000, 0x0000000084e00000, 0x0000000084e00000|100%| O|  |TAMS 0x0000000084e00000, 0x0000000084d00000| Untracked 
|  14|0x0000000084e00000, 0x0000000084f00000, 0x0000000084f00000|100%| O|  |TAMS 0x0000000084f00000, 0x0000000084e00000| Untracked 
|  15|0x0000000084f00000, 0x0000000085000000, 0x0000000085000000|100%| O|  |TAMS 0x0000000085000000, 0x0000000084f00000| Untracked 
|  16|0x0000000085000000, 0x0000000085100000, 0x0000000085100000|100%| O|  |TAMS 0x0000000085000000, 0x0000000085000000| Untracked 
|  17|0x0000000085100000, 0x0000000085200000, 0x0000000085200000|100%| O|  |TAMS 0x0000000085200000, 0x0000000085100000| Untracked 
|  18|0x0000000085200000, 0x0000000085300000, 0x0000000085300000|100%| O|  |TAMS 0x0000000085300000, 0x0000000085200000| Untracked 
|  19|0x0000000085300000, 0x0000000085400000, 0x0000000085400000|100%| O|  |TAMS 0x0000000085400000, 0x0000000085300000| Untracked 
|  20|0x0000000085400000, 0x0000000085500000, 0x0000000085500000|100%| O|  |TAMS 0x0000000085500000, 0x0000000085400000| Untracked 
|  21|0x0000000085500000, 0x0000000085600000, 0x0000000085600000|100%| O|  |TAMS 0x0000000085600000, 0x0000000085500000| Untracked 
|  22|0x0000000085600000, 0x0000000085600000, 0x0000000085700000|  0%| F|  |TAMS 0x0000000085600000, 0x0000000085600000| Untracked 
|  23|0x0000000085700000, 0x0000000085800000, 0x0000000085800000|100%| O|  |TAMS 0x0000000085700000, 0x0000000085700000| Untracked 
|  24|0x0000000085800000, 0x0000000085900000, 0x0000000085900000|100%| O|  |TAMS 0x0000000085800000, 0x0000000085800000| Untracked 
|  25|0x0000000085900000, 0x0000000085a00000, 0x0000000085a00000|100%| O|  |TAMS 0x0000000085900000, 0x0000000085900000| Untracked 
|  26|0x0000000085a00000, 0x0000000085b00000, 0x0000000085b00000|100%| O|  |TAMS 0x0000000085a00000, 0x0000000085a00000| Untracked 
|  27|0x0000000085b00000, 0x0000000085c00000, 0x0000000085c00000|100%| O|  |TAMS 0x0000000085b00000, 0x0000000085b00000| Untracked 
|  28|0x0000000085c00000, 0x0000000085ce7a00, 0x0000000085d00000| 90%| O|  |TAMS 0x0000000085c00000, 0x0000000085c00000| Untracked 
|  29|0x0000000085d00000, 0x0000000085d00000, 0x0000000085e00000|  0%| F|  |TAMS 0x0000000085d00000, 0x0000000085d00000| Untracked 
|  30|0x0000000085e00000, 0x0000000085e00000, 0x0000000085f00000|  0%| F|  |TAMS 0x0000000085e00000, 0x0000000085e00000| Untracked 
|  31|0x0000000085f00000, 0x0000000085f00000, 0x0000000086000000|  0%| F|  |TAMS 0x0000000085f00000, 0x0000000085f00000| Untracked 
|  32|0x0000000086000000, 0x0000000086000000, 0x0000000086100000|  0%| F|  |TAMS 0x0000000086000000, 0x0000000086000000| Untracked 
|  33|0x0000000086100000, 0x0000000086100000, 0x0000000086200000|  0%| F|  |TAMS 0x0000000086100000, 0x0000000086100000| Untracked 
|  34|0x0000000086200000, 0x0000000086200000, 0x0000000086300000|  0%| F|  |TAMS 0x0000000086200000, 0x0000000086200000| Untracked 
|  35|0x0000000086300000, 0x0000000086300000, 0x0000000086400000|  0%| F|  |TAMS 0x0000000086300000, 0x0000000086300000| Untracked 
|  36|0x0000000086400000, 0x0000000086400000, 0x0000000086500000|  0%| F|  |TAMS 0x0000000086400000, 0x0000000086400000| Untracked 
|  37|0x0000000086500000, 0x0000000086500000, 0x0000000086600000|  0%| F|  |TAMS 0x0000000086500000, 0x0000000086500000| Untracked 
|  38|0x0000000086600000, 0x0000000086600000, 0x0000000086700000|  0%| F|  |TAMS 0x0000000086600000, 0x0000000086600000| Untracked 
|  39|0x0000000086700000, 0x0000000086700000, 0x0000000086800000|  0%| F|  |TAMS 0x0000000086700000, 0x0000000086700000| Untracked 
|  40|0x0000000086800000, 0x0000000086800000, 0x0000000086900000|  0%| F|  |TAMS 0x0000000086800000, 0x0000000086800000| Untracked 
|  41|0x0000000086900000, 0x0000000086900000, 0x0000000086a00000|  0%| F|  |TAMS 0x0000000086900000, 0x0000000086900000| Untracked 
|  42|0x0000000086a00000, 0x0000000086a1d860, 0x0000000086b00000| 11%| S|CS|TAMS 0x0000000086a00000, 0x0000000086a00000| Complete 
|  43|0x0000000086b00000, 0x0000000086c00000, 0x0000000086c00000|100%| S|CS|TAMS 0x0000000086b00000, 0x0000000086b00000| Complete 
|  44|0x0000000086c00000, 0x0000000086d00000, 0x0000000086d00000|100%| S|CS|TAMS 0x0000000086c00000, 0x0000000086c00000| Complete 
|  45|0x0000000086d00000, 0x0000000086d00000, 0x0000000086e00000|  0%| F|  |TAMS 0x0000000086d00000, 0x0000000086d00000| Untracked 
|  46|0x0000000086e00000, 0x0000000086e00000, 0x0000000086f00000|  0%| F|  |TAMS 0x0000000086e00000, 0x0000000086e00000| Untracked 
|  47|0x0000000086f00000, 0x0000000086f00000, 0x0000000087000000|  0%| F|  |TAMS 0x0000000086f00000, 0x0000000086f00000| Untracked 
|  48|0x0000000087000000, 0x0000000087100000, 0x0000000087100000|100%| S|CS|TAMS 0x0000000087000000, 0x0000000087000000| Complete 
|  49|0x0000000087100000, 0x0000000087200000, 0x0000000087200000|100%| S|CS|TAMS 0x0000000087100000, 0x0000000087100000| Complete 
|  50|0x0000000087200000, 0x0000000087300000, 0x0000000087300000|100%| S|CS|TAMS 0x0000000087200000, 0x0000000087200000| Complete 
|  51|0x0000000087300000, 0x0000000087300000, 0x0000000087400000|  0%| F|  |TAMS 0x0000000087300000, 0x0000000087300000| Untracked 
|  52|0x0000000087400000, 0x0000000087400000, 0x0000000087500000|  0%| F|  |TAMS 0x0000000087400000, 0x0000000087400000| Untracked 
|  53|0x0000000087500000, 0x00000000875bb660, 0x0000000087600000| 73%| E|  |TAMS 0x0000000087500000, 0x0000000087500000| Complete 
|  54|0x0000000087600000, 0x0000000087700000, 0x0000000087700000|100%| E|CS|TAMS 0x0000000087600000, 0x0000000087600000| Complete 
|  55|0x0000000087700000, 0x0000000087800000, 0x0000000087800000|100%| E|CS|TAMS 0x0000000087700000, 0x0000000087700000| Complete 
|  56|0x0000000087800000, 0x0000000087900000, 0x0000000087900000|100%| E|CS|TAMS 0x0000000087800000, 0x0000000087800000| Complete 
|  57|0x0000000087900000, 0x0000000087a00000, 0x0000000087a00000|100%| E|CS|TAMS 0x0000000087900000, 0x0000000087900000| Complete 
|  58|0x0000000087a00000, 0x0000000087b00000, 0x0000000087b00000|100%| E|CS|TAMS 0x0000000087a00000, 0x0000000087a00000| Complete 
|  59|0x0000000087b00000, 0x0000000087c00000, 0x0000000087c00000|100%| E|CS|TAMS 0x0000000087b00000, 0x0000000087b00000| Complete 
|  60|0x0000000087c00000, 0x0000000087d00000, 0x0000000087d00000|100%| E|  |TAMS 0x0000000087c00000, 0x0000000087c00000| Complete 
|  61|0x0000000087d00000, 0x0000000087e00000, 0x0000000087e00000|100%| E|CS|TAMS 0x0000000087d00000, 0x0000000087d00000| Complete 
|  62|0x0000000087e00000, 0x0000000087f00000, 0x0000000087f00000|100%| E|CS|TAMS 0x0000000087e00000, 0x0000000087e00000| Complete 
|  63|0x0000000087f00000, 0x0000000088000000, 0x0000000088000000|100%| E|CS|TAMS 0x0000000087f00000, 0x0000000087f00000| Complete 
|  64|0x0000000088000000, 0x0000000088100000, 0x0000000088100000|100%| E|CS|TAMS 0x0000000088000000, 0x0000000088000000| Complete 
|  65|0x0000000088100000, 0x0000000088200000, 0x0000000088200000|100%| E|CS|TAMS 0x0000000088100000, 0x0000000088100000| Complete 
|  66|0x0000000088200000, 0x0000000088300000, 0x0000000088300000|100%| E|CS|TAMS 0x0000000088200000, 0x0000000088200000| Complete 
|  67|0x0000000088300000, 0x0000000088400000, 0x0000000088400000|100%| E|CS|TAMS 0x0000000088300000, 0x0000000088300000| Complete 
|  68|0x0000000088400000, 0x0000000088500000, 0x0000000088500000|100%| E|CS|TAMS 0x0000000088400000, 0x0000000088400000| Complete 
|  69|0x0000000088500000, 0x0000000088600000, 0x0000000088600000|100%| E|CS|TAMS 0x0000000088500000, 0x0000000088500000| Complete 
|  70|0x0000000088600000, 0x0000000088700000, 0x0000000088700000|100%| E|CS|TAMS 0x0000000088600000, 0x0000000088600000| Complete 
|  71|0x0000000088700000, 0x0000000088800000, 0x0000000088800000|100%| E|CS|TAMS 0x0000000088700000, 0x0000000088700000| Complete 
|  72|0x0000000088800000, 0x0000000088900000, 0x0000000088900000|100%| E|CS|TAMS 0x0000000088800000, 0x0000000088800000| Complete 
|  73|0x0000000088900000, 0x0000000088a00000, 0x0000000088a00000|100%| E|CS|TAMS 0x0000000088900000, 0x0000000088900000| Complete 
|  74|0x0000000088a00000, 0x0000000088b00000, 0x0000000088b00000|100%| E|CS|TAMS 0x0000000088a00000, 0x0000000088a00000| Complete 
|  75|0x0000000088b00000, 0x0000000088c00000, 0x0000000088c00000|100%| E|CS|TAMS 0x0000000088b00000, 0x0000000088b00000| Complete 
|  76|0x0000000088c00000, 0x0000000088d00000, 0x0000000088d00000|100%| E|CS|TAMS 0x0000000088c00000, 0x0000000088c00000| Complete 
|  77|0x0000000088d00000, 0x0000000088e00000, 0x0000000088e00000|100%| E|CS|TAMS 0x0000000088d00000, 0x0000000088d00000| Complete 
|  78|0x0000000088e00000, 0x0000000088f00000, 0x0000000088f00000|100%| E|CS|TAMS 0x0000000088e00000, 0x0000000088e00000| Complete 
|  79|0x0000000088f00000, 0x0000000089000000, 0x0000000089000000|100%| E|CS|TAMS 0x0000000088f00000, 0x0000000088f00000| Complete 
|  80|0x0000000089000000, 0x0000000089100000, 0x0000000089100000|100%| E|CS|TAMS 0x0000000089000000, 0x0000000089000000| Complete 
|  81|0x0000000089100000, 0x0000000089200000, 0x0000000089200000|100%| E|CS|TAMS 0x0000000089100000, 0x0000000089100000| Complete 
|  82|0x0000000089200000, 0x0000000089300000, 0x0000000089300000|100%| E|CS|TAMS 0x0000000089200000, 0x0000000089200000| Complete 
|  83|0x0000000089300000, 0x0000000089400000, 0x0000000089400000|100%| E|CS|TAMS 0x0000000089300000, 0x0000000089300000| Complete 
|  84|0x0000000089400000, 0x0000000089500000, 0x0000000089500000|100%| E|CS|TAMS 0x0000000089400000, 0x0000000089400000| Complete 
|  85|0x0000000089500000, 0x0000000089600000, 0x0000000089600000|100%| E|CS|TAMS 0x0000000089500000, 0x0000000089500000| Complete 
|  86|0x0000000089600000, 0x0000000089700000, 0x0000000089700000|100%| E|CS|TAMS 0x0000000089600000, 0x0000000089600000| Complete 
|  87|0x0000000089700000, 0x0000000089800000, 0x0000000089800000|100%| E|CS|TAMS 0x0000000089700000, 0x0000000089700000| Complete 
|  88|0x0000000089800000, 0x0000000089900000, 0x0000000089900000|100%| E|CS|TAMS 0x0000000089800000, 0x0000000089800000| Complete 
|  89|0x0000000089900000, 0x0000000089a00000, 0x0000000089a00000|100%| E|CS|TAMS 0x0000000089900000, 0x0000000089900000| Complete 
|  90|0x0000000089a00000, 0x0000000089b00000, 0x0000000089b00000|100%| E|CS|TAMS 0x0000000089a00000, 0x0000000089a00000| Complete 
|  91|0x0000000089b00000, 0x0000000089c00000, 0x0000000089c00000|100%| E|CS|TAMS 0x0000000089b00000, 0x0000000089b00000| Complete 
| 122|0x000000008ba00000, 0x000000008bb00000, 0x000000008bb00000|100%| E|CS|TAMS 0x000000008ba00000, 0x000000008ba00000| Complete 
| 123|0x000000008bb00000, 0x000000008bc00000, 0x000000008bc00000|100%| E|CS|TAMS 0x000000008bb00000, 0x000000008bb00000| Complete 

Card table byte_map: [0x0000020efd9a0000,0x0000020efdd80000] _byte_map_base: 0x0000020efd580000

Marking Bits (Prev, Next): (CMBitMap*) 0x0000020ee425a020, (CMBitMap*) 0x0000020ee4259fe0
 Prev Bits: [0x0000020e81f00000, 0x0000020e83e00000)
 Next Bits: [0x0000020e80000000, 0x0000020e81f00000)

Polling page: 0x0000020ee42c0000

Metaspace:

Usage:
  Non-class:     69.86 MB used.
      Class:     10.87 MB used.
       Both:     80.74 MB used.

Virtual space:
  Non-class space:      128.00 MB reserved,      70.25 MB ( 55%) committed,  2 nodes.
      Class space:        1.00 GB reserved,      11.19 MB (  1%) committed,  1 nodes.
             Both:        1.12 GB reserved,      81.44 MB (  7%) committed. 

Chunk freelists:
   Non-Class:  1.80 MB
       Class:  704.00 KB
        Both:  2.48 MB

MaxMetaspaceSize: unlimited
CompressedClassSpaceSize: 1.00 GB
Initial GC threshold: 21.00 MB
Current GC threshold: 98.44 MB
CDS: on
MetaspaceReclaimPolicy: balanced
 - commit_granule_bytes: 65536.
 - commit_granule_words: 8192.
 - virtual_space_node_default_size: 8388608.
 - enlarge_chunks_in_place: 1.
 - new_chunks_are_fully_committed: 0.
 - uncommit_free_chunks: 1.
 - use_allocation_guard: 0.


Internal statistics:

num_allocs_failed_limit: 9.
num_arena_births: 1040.
num_arena_deaths: 0.
num_vsnodes_births: 3.
num_vsnodes_deaths: 0.
num_space_committed: 1303.
num_space_uncommitted: 0.
num_chunks_returned_to_freelist: 9.
num_chunks_taken_from_freelist: 3796.
num_chunk_merges: 6.
num_chunk_splits: 2836.
num_chunks_enlarged: 2349.
num_inconsistent_stats: 0.

CodeHeap 'non-profiled nmethods': size=120000Kb used=4539Kb max_used=4539Kb free=115460Kb
 bounds [0x0000020ef5d60000, 0x0000020ef61d0000, 0x0000020efd290000]
CodeHeap 'profiled nmethods': size=120000Kb used=13059Kb max_used=13059Kb free=106940Kb
 bounds [0x0000020eee290000, 0x0000020eeef60000, 0x0000020ef57c0000]
CodeHeap 'non-nmethods': size=5760Kb used=1492Kb max_used=1568Kb free=4267Kb
 bounds [0x0000020ef57c0000, 0x0000020ef5a30000, 0x0000020ef5d60000]
 total_blobs=7519 nmethods=6782 adapters=645
 compilation: enabled
              stopped_count=0, restarted_count=0
 full_count=0

Compilation events (20 events):
Event: 17.698 Thread 0x0000020efebd1880 nmethod 7674 0x0000020eeef4cd90 code [0x0000020eeef4cf40, 0x0000020eeef4d178]
Event: 17.710 Thread 0x0000020efebd1880 7675       3       java.util.Collections$UnmodifiableMap::isEmpty (10 bytes)
Event: 17.710 Thread 0x0000020efebd1880 nmethod 7675 0x0000020eeef4d290 code [0x0000020eeef4d440, 0x0000020eeef4d608]
Event: 17.710 Thread 0x0000020efebd1880 7676       3       org.springframework.data.repository.core.support.MethodLookups$RepositoryAwareMethodLookup$$Lambda$1312/0x00000008018f7a80::test (12 bytes)
Event: 17.710 Thread 0x0000020efebd1880 nmethod 7676 0x0000020eeef4d710 code [0x0000020eeef4d8e0, 0x0000020eeef4dc28]
Event: 17.710 Thread 0x0000020efebd1880 7677       3       org.springframework.data.repository.core.support.MethodLookups$RepositoryAwareMethodLookup::lambda$getLookups$0 (12 bytes)
Event: 17.711 Thread 0x0000020efebd1880 nmethod 7677 0x0000020eeef4dd90 code [0x0000020eeef4df40, 0x0000020eeef4e108]
Event: 17.715 Thread 0x0000020efebae1e0 7678       4       org.springframework.core.ResolvableType::forType (112 bytes)
Event: 17.750 Thread 0x0000020efebd1880 7683       3       java.lang.reflect.Proxy$ProxyBuilder::referencedTypes (113 bytes)
Event: 17.751 Thread 0x0000020efebd1880 nmethod 7683 0x0000020eeef4e290 code [0x0000020eeef4e580, 0x0000020eeef4f668]
Event: 17.751 Thread 0x0000020efebd1880 7684       3       java.lang.WeakPairMap$Pair::lookup (10 bytes)
Event: 17.752 Thread 0x0000020efebd1880 nmethod 7684 0x0000020eeef4fc90 code [0x0000020eeef4fe80, 0x0000020eeef50418]
Event: 17.752 Thread 0x0000020efebd1880 7685       3       java.lang.WeakPairMap$Pair$Lookup::<init> (21 bytes)
Event: 17.752 Thread 0x0000020efebd1880 nmethod 7685 0x0000020eeef50610 code [0x0000020eeef50800, 0x0000020eeef50cf8]
Event: 17.752 Thread 0x0000020efebd1880 7686       3       java.lang.WeakPairMap::containsKeyPair (17 bytes)
Event: 17.753 Thread 0x0000020efebd1880 nmethod 7686 0x0000020eeef50e90 code [0x0000020eeef51100, 0x0000020eeef51e18]
Event: 17.753 Thread 0x0000020efebd1880 7688       3       java.util.ArrayList::remove (26 bytes)
Event: 17.753 Thread 0x0000020efebd1880 nmethod 7688 0x0000020eeef52210 code [0x0000020eeef523c0, 0x0000020eeef525e8]
Event: 17.876 Thread 0x0000020efebd1880 7693       3       org.hibernate.internal.util.collections.StandardStack::isEmpty (13 bytes)
Event: 17.877 Thread 0x0000020efebd1880 nmethod 7693 0x0000020eeef52790 code [0x0000020eeef52920, 0x0000020eeef52a98]

GC Heap History (20 events):
Event: 4.855 GC heap before
{Heap before GC invocations=7 (full 0):
 garbage-first heap   total 58368K, used 41197K [0x0000000084000000, 0x0000000100000000)
  region size 1024K, 25 young (25600K), 3 survivors (3072K)
 Metaspace       used 34033K, committed 34496K, reserved 1114112K
  class space    used 4266K, committed 4480K, reserved 1048576K
}
Event: 4.865 GC heap after
{Heap after GC invocations=8 (full 0):
 garbage-first heap   total 58368K, used 20627K [0x0000000084000000, 0x0000000100000000)
  region size 1024K, 2 young (2048K), 2 survivors (2048K)
 Metaspace       used 34033K, committed 34496K, reserved 1114112K
  class space    used 4266K, committed 4480K, reserved 1048576K
}
Event: 5.086 GC heap before
{Heap before GC invocations=8 (full 0):
 garbage-first heap   total 58368K, used 27795K [0x0000000084000000, 0x0000000100000000)
  region size 1024K, 11 young (11264K), 2 survivors (2048K)
 Metaspace       used 35460K, committed 35968K, reserved 1114112K
  class space    used 4434K, committed 4672K, reserved 1048576K
}
Event: 5.094 GC heap after
{Heap after GC invocations=9 (full 0):
 garbage-first heap   total 58368K, used 21236K [0x0000000084000000, 0x0000000100000000)
  region size 1024K, 1 young (1024K), 1 survivors (1024K)
 Metaspace       used 35460K, committed 35968K, reserved 1114112K
  class space    used 4434K, committed 4672K, reserved 1048576K
}
Event: 5.883 GC heap before
{Heap before GC invocations=10 (full 0):
 garbage-first heap   total 58368K, used 44788K [0x0000000084000000, 0x0000000100000000)
  region size 1024K, 24 young (24576K), 1 survivors (1024K)
 Metaspace       used 41267K, committed 41856K, reserved 1114112K
  class space    used 5372K, committed 5632K, reserved 1048576K
}
Event: 5.888 GC heap after
{Heap after GC invocations=11 (full 0):
 garbage-first heap   total 58368K, used 22196K [0x0000000084000000, 0x0000000100000000)
  region size 1024K, 2 young (2048K), 2 survivors (2048K)
 Metaspace       used 41267K, committed 41856K, reserved 1114112K
  class space    used 5372K, committed 5632K, reserved 1048576K
}
Event: 5.929 GC heap before
{Heap before GC invocations=11 (full 0):
 garbage-first heap   total 58368K, used 23220K [0x0000000084000000, 0x0000000100000000)
  region size 1024K, 3 young (3072K), 2 survivors (2048K)
 Metaspace       used 41669K, committed 42240K, reserved 1114112K
  class space    used 5410K, committed 5696K, reserved 1048576K
}
Event: 5.936 GC heap after
{Heap after GC invocations=12 (full 0):
 garbage-first heap   total 58368K, used 22337K [0x0000000084000000, 0x0000000100000000)
  region size 1024K, 1 young (1024K), 1 survivors (1024K)
 Metaspace       used 41669K, committed 42240K, reserved 1114112K
  class space    used 5410K, committed 5696K, reserved 1048576K
}
Event: 7.250 GC heap before
{Heap before GC invocations=12 (full 0):
 garbage-first heap   total 58368K, used 43841K [0x0000000084000000, 0x0000000100000000)
  region size 1024K, 23 young (23552K), 1 survivors (1024K)
 Metaspace       used 51170K, committed 51648K, reserved 1114112K
  class space    used 6554K, committed 6784K, reserved 1048576K
}
Event: 7.257 GC heap after
{Heap after GC invocations=13 (full 0):
 garbage-first heap   total 114688K, used 23961K [0x0000000084000000, 0x0000000100000000)
  region size 1024K, 2 young (2048K), 2 survivors (2048K)
 Metaspace       used 51170K, committed 51648K, reserved 1114112K
  class space    used 6554K, committed 6784K, reserved 1048576K
}
Event: 8.128 GC heap before
{Heap before GC invocations=13 (full 0):
 garbage-first heap   total 114688K, used 56729K [0x0000000084000000, 0x0000000100000000)
  region size 1024K, 36 young (36864K), 2 survivors (2048K)
 Metaspace       used 59600K, committed 60160K, reserved 1114112K
  class space    used 7805K, committed 8064K, reserved 1048576K
}
Event: 8.138 GC heap after
{Heap after GC invocations=14 (full 0):
 garbage-first heap   total 114688K, used 25655K [0x0000000084000000, 0x0000000100000000)
  region size 1024K, 4 young (4096K), 4 survivors (4096K)
 Metaspace       used 59600K, committed 60160K, reserved 1114112K
  class space    used 7805K, committed 8064K, reserved 1048576K
}
Event: 11.124 GC heap before
{Heap before GC invocations=15 (full 0):
 garbage-first heap   total 96256K, used 78903K [0x0000000084000000, 0x0000000100000000)
  region size 1024K, 56 young (57344K), 4 survivors (4096K)
 Metaspace       used 68046K, committed 68672K, reserved 1114112K
  class space    used 8963K, committed 9280K, reserved 1048576K
}
Event: 11.131 GC heap after
{Heap after GC invocations=16 (full 0):
 garbage-first heap   total 96256K, used 28963K [0x0000000084000000, 0x0000000100000000)
  region size 1024K, 7 young (7168K), 7 survivors (7168K)
 Metaspace       used 68046K, committed 68672K, reserved 1114112K
  class space    used 8963K, committed 9280K, reserved 1048576K
}
Event: 11.147 GC heap before
{Heap before GC invocations=16 (full 0):
 garbage-first heap   total 96256K, used 29987K [0x0000000084000000, 0x0000000100000000)
  region size 1024K, 8 young (8192K), 7 survivors (7168K)
 Metaspace       used 68099K, committed 68736K, reserved 1114112K
  class space    used 8969K, committed 9280K, reserved 1048576K
}
Event: 11.153 GC heap after
{Heap after GC invocations=17 (full 0):
 garbage-first heap   total 96256K, used 29549K [0x0000000084000000, 0x0000000100000000)
  region size 1024K, 1 young (1024K), 1 survivors (1024K)
 Metaspace       used 68099K, committed 68736K, reserved 1114112K
  class space    used 8969K, committed 9280K, reserved 1048576K
}
Event: 11.709 GC heap before
{Heap before GC invocations=17 (full 0):
 garbage-first heap   total 96256K, used 74605K [0x0000000084000000, 0x0000000100000000)
  region size 1024K, 46 young (47104K), 1 survivors (1024K)
 Metaspace       used 71553K, committed 72256K, reserved 1114112K
  class space    used 9649K, committed 9984K, reserved 1048576K
}
Event: 11.712 GC heap after
{Heap after GC invocations=18 (full 0):
 garbage-first heap   total 96256K, used 31557K [0x0000000084000000, 0x0000000100000000)
  region size 1024K, 3 young (3072K), 3 survivors (3072K)
 Metaspace       used 71553K, committed 72256K, reserved 1114112K
  class space    used 9649K, committed 9984K, reserved 1048576K
}
Event: 12.474 GC heap before
{Heap before GC invocations=18 (full 0):
 garbage-first heap   total 96256K, used 74565K [0x0000000084000000, 0x0000000100000000)
  region size 1024K, 46 young (47104K), 3 survivors (3072K)
 Metaspace       used 75925K, committed 76608K, reserved 1179648K
  class space    used 10227K, committed 10560K, reserved 1048576K
}
Event: 12.479 GC heap after
{Heap after GC invocations=19 (full 0):
 garbage-first heap   total 96256K, used 33812K [0x0000000084000000, 0x0000000100000000)
  region size 1024K, 6 young (6144K), 6 survivors (6144K)
 Metaspace       used 75925K, committed 76608K, reserved 1179648K
  class space    used 10227K, committed 10560K, reserved 1048576K
}

Dll operation events (14 events):
Event: 0.015 Loaded shared library C:\Users\veyde\.jdks\openjdk-19.0.1\bin\java.dll
Event: 0.028 Loaded shared library C:\Users\veyde\.jdks\openjdk-19.0.1\bin\jsvml.dll
Event: 0.241 Loaded shared library C:\Users\veyde\.jdks\openjdk-19.0.1\bin\zip.dll
Event: 0.246 Loaded shared library C:\Users\veyde\.jdks\openjdk-19.0.1\bin\instrument.dll
Event: 0.256 Loaded shared library C:\Users\veyde\.jdks\openjdk-19.0.1\bin\net.dll
Event: 0.260 Loaded shared library C:\Users\veyde\.jdks\openjdk-19.0.1\bin\nio.dll
Event: 0.264 Loaded shared library C:\Users\veyde\.jdks\openjdk-19.0.1\bin\zip.dll
Event: 0.404 Loaded shared library C:\Program Files\JetBrains\IntelliJ IDEA 2024.1.1\bin\breakgen64.dll
Event: 0.417 Loaded shared library C:\Users\veyde\.jdks\openjdk-19.0.1\bin\extnet.dll
Event: 0.467 Loaded shared library C:\Users\veyde\.jdks\openjdk-19.0.1\bin\jimage.dll
Event: 2.425 Loaded shared library C:\Users\veyde\.jdks\openjdk-19.0.1\bin\sunmscapi.dll
Event: 4.660 Loaded shared library C:\Users\veyde\.jdks\openjdk-19.0.1\bin\management.dll
Event: 4.663 Loaded shared library C:\Users\veyde\.jdks\openjdk-19.0.1\bin\management_ext.dll
Event: 5.526 Loaded shared library C:\Users\veyde\.jdks\openjdk-19.0.1\bin\verify.dll

Deoptimization events (20 events):
Event: 12.934 Thread 0x0000020ee634f590 Uncommon trap: trap_request=0xffffffde fr.pc=0x0000020ef618c49c relative=0x00000000000048dc
Event: 12.934 Thread 0x0000020ee634f590 Uncommon trap: reason=class_check action=maybe_recompile pc=0x0000020ef618c49c method=org.springframework.core.ResolvableType.resolveType()Lorg/springframework/core/ResolvableType; @ 44 c2
Event: 12.934 Thread 0x0000020ee634f590 DEOPT PACKING pc=0x0000020ef618c49c sp=0x000000447c8fe5c0
Event: 12.934 Thread 0x0000020ee634f590 DEOPT UNPACKING pc=0x0000020ef582a5a3 sp=0x000000447c8fe5e8 mode 2
Event: 17.356 Thread 0x0000020e8daa9df0 Uncommon trap: trap_request=0xffffff45 fr.pc=0x0000020ef5edf598 relative=0x0000000000000378
Event: 17.356 Thread 0x0000020e8daa9df0 Uncommon trap: reason=unstable_if action=reinterpret pc=0x0000020ef5edf598 method=java.lang.String.indexOf(Ljava/lang/String;)I @ 47 c2
Event: 17.356 Thread 0x0000020e8daa9df0 DEOPT PACKING pc=0x0000020ef5edf598 sp=0x000000447ecfde70
Event: 17.356 Thread 0x0000020e8daa9df0 DEOPT UNPACKING pc=0x0000020ef582a5a3 sp=0x000000447ecfdda0 mode 2
Event: 17.356 Thread 0x0000020e8daa9df0 Uncommon trap: trap_request=0xffffff45 fr.pc=0x0000020ef5e65e6c relative=0x000000000000034c
Event: 17.356 Thread 0x0000020e8daa9df0 Uncommon trap: reason=unstable_if action=reinterpret pc=0x0000020ef5e65e6c method=java.lang.String.indexOf(Ljava/lang/String;)I @ 47 c2
Event: 17.356 Thread 0x0000020e8daa9df0 DEOPT PACKING pc=0x0000020ef5e65e6c sp=0x000000447ecfde00
Event: 17.356 Thread 0x0000020e8daa9df0 DEOPT UNPACKING pc=0x0000020ef582a5a3 sp=0x000000447ecfdd98 mode 2
Event: 17.471 Thread 0x0000020e8daa98a0 Uncommon trap: trap_request=0xffffff45 fr.pc=0x0000020ef6000508 relative=0x0000000000000348
Event: 17.471 Thread 0x0000020e8daa98a0 Uncommon trap: reason=unstable_if action=reinterpret pc=0x0000020ef6000508 method=java.lang.String.regionMatches(ZILjava/lang/String;II)Z @ 1 c2
Event: 17.471 Thread 0x0000020e8daa98a0 DEOPT PACKING pc=0x0000020ef6000508 sp=0x000000447edfcfd0
Event: 17.471 Thread 0x0000020e8daa98a0 DEOPT UNPACKING pc=0x0000020ef582a5a3 sp=0x000000447edfcf78 mode 2
Event: 17.709 Thread 0x0000020e8daa98a0 Uncommon trap: trap_request=0xffffff66 fr.pc=0x0000020ef61ac498 relative=0x0000000000001238
Event: 17.709 Thread 0x0000020e8daa98a0 Uncommon trap: reason=speculate_class_check action=maybe_recompile pc=0x0000020ef61ac498 method=org.springframework.transaction.interceptor.AbstractFallbackTransactionAttributeSource.getTransactionAttribute(Ljava/lang/reflect/Method;Ljava/lang/Class;Z)Lor
Event: 17.709 Thread 0x0000020e8daa98a0 DEOPT PACKING pc=0x0000020ef61ac498 sp=0x000000447edfcb10
Event: 17.709 Thread 0x0000020e8daa98a0 DEOPT UNPACKING pc=0x0000020ef582a5a3 sp=0x000000447edfcad8 mode 2

Classes loaded (20 events):
Event: 17.516 Loading class java/io/SequenceInputStream
Event: 17.517 Loading class java/io/SequenceInputStream done
Event: 17.522 Loading class javax/crypto/spec/PSource
Event: 17.522 Loading class javax/crypto/spec/PSource done
Event: 17.522 Loading class javax/crypto/spec/PSource$PSpecified
Event: 17.522 Loading class javax/crypto/spec/PSource$PSpecified done
Event: 17.522 Loading class javax/crypto/spec/OAEPParameterSpec
Event: 17.522 Loading class javax/crypto/spec/OAEPParameterSpec done
Event: 17.561 Loading class java/security/interfaces/EdECKey
Event: 17.561 Loading class java/security/interfaces/EdECKey done
Event: 17.568 Loading class java/util/zip/DeflaterOutputStream
Event: 17.569 Loading class java/util/zip/DeflaterOutputStream done
Event: 17.575 Loading class java/util/zip/GZIPOutputStream
Event: 17.575 Loading class java/util/zip/GZIPOutputStream done
Event: 17.576 Loading class java/util/zip/GZIPInputStream
Event: 17.576 Loading class java/util/zip/GZIPInputStream done
Event: 17.695 Loading class sun/nio/cs/US_ASCII$Encoder
Event: 17.695 Loading class sun/nio/cs/US_ASCII$Encoder done
Event: 17.855 Loading class java/util/AbstractMap$SimpleEntry
Event: 17.856 Loading class java/util/AbstractMap$SimpleEntry done

Classes unloaded (0 events):
No events

Classes redefined (0 events):
No events

Internal exceptions (20 events):
Event: 10.655 Thread 0x0000020ee634f590 Implicit null exception at 0x0000020ef5d7644b to 0x0000020ef5d76640
Event: 10.676 Thread 0x0000020ee634f590 Exception <a 'java/lang/IncompatibleClassChangeError'{0x00000000877f8810}: Found class java.lang.Object, but interface was expected> (0x00000000877f8810) 
thrown [s\open\src\hotspot\share\interpreter\linkResolver.cpp, line 841]
Event: 10.835 Thread 0x0000020ee634f590 Exception <a 'java/lang/IncompatibleClassChangeError'{0x000000008706d8a0}: Found class java.lang.Object, but interface was expected> (0x000000008706d8a0) 
thrown [s\open\src\hotspot\share\interpreter\linkResolver.cpp, line 841]
Event: 10.924 Thread 0x0000020ee634f590 Exception <a 'java/lang/IncompatibleClassChangeError'{0x0000000086d323b0}: Found class java.lang.Object, but interface was expected> (0x0000000086d323b0) 
thrown [s\open\src\hotspot\share\interpreter\linkResolver.cpp, line 841]
Event: 10.925 Thread 0x0000020ee634f590 Exception <a 'java/lang/IncompatibleClassChangeError'{0x0000000086d38d08}: Found class java.lang.Object, but interface was expected> (0x0000000086d38d08) 
thrown [s\open\src\hotspot\share\interpreter\linkResolver.cpp, line 841]
Event: 10.995 Thread 0x0000020ee634f590 Exception <a 'java/lang/NoSuchMethodError'{0x0000000086b0c6e8}: 'java.lang.Object java.lang.invoke.DirectMethodHandle$Holder.invokeStatic(java.lang.Object, int, java.lang.Object)'> (0x0000000086b0c6e8) 
thrown [s\open\src\hotspot\share\interpreter\linkResolver.cpp, line 774]
Event: 11.079 Thread 0x0000020ee634f590 Exception <a 'java/lang/NoSuchMethodError'{0x000000008672bd90}: 'long java.lang.invoke.DirectMethodHandle$Holder.invokeVirtual(java.lang.Object, java.lang.Object)'> (0x000000008672bd90) 
thrown [s\open\src\hotspot\share\interpreter\linkResolver.cpp, line 774]
Event: 11.154 Thread 0x0000020ee634f590 Implicit null exception at 0x0000020ef5eb6b5a to 0x0000020ef5eb6d8c
Event: 11.909 Thread 0x0000020ee634f590 Exception <a 'java/lang/NoSuchMethodError'{0x0000000088fcd580}: 'java.lang.Object java.lang.invoke.DirectMethodHandle$Holder.newInvokeSpecial(java.lang.Object, java.lang.Object, java.lang.Object, java.lang.Object, java.lang.Object, java.lang.Object, java.lang.Object, java.lang.Object)'> (0x0000000088fcd580) 
thrown [s\open\src\hotspot\share\interpreter\linkResolver.cpp, line 774]
Event: 12.328 Thread 0x0000020ee634f590 Exception <a 'sun/nio/fs/WindowsException'{0x0000000087cfd0b0}> (0x0000000087cfd0b0) 
thrown [s\open\src\hotspot\share\prims\jni.cpp, line 517]
Event: 12.401 Thread 0x0000020ee634f590 Exception <a 'java/lang/IncompatibleClassChangeError'{0x0000000087745248}: Found class java.lang.Object, but interface was expected> (0x0000000087745248) 
thrown [s\open\src\hotspot\share\interpreter\linkResolver.cpp, line 841]
Event: 12.555 Thread 0x0000020ee634f590 Exception <a 'java/lang/NoSuchMethodError'{0x0000000089afeac8}: 'java.lang.Object java.lang.invoke.DirectMethodHandle$Holder.invokeInterface(java.lang.Object, java.lang.Object, java.lang.Object, java.lang.Object)'> (0x0000000089afeac8) 
thrown [s\open\src\hotspot\share\interpreter\linkResolver.cpp, line 774]
Event: 12.620 Thread 0x0000020ee634f590 Exception <a 'java/lang/NoSuchMethodError'{0x00000000897de7c0}: 'void java.lang.invoke.DirectMethodHandle$Holder.invokeVirtual(java.lang.Object, java.lang.Object, long)'> (0x00000000897de7c0) 
thrown [s\open\src\hotspot\share\interpreter\linkResolver.cpp, line 774]
Event: 12.734 Thread 0x0000020ee634f590 Exception <a 'java/lang/IncompatibleClassChangeError'{0x00000000891dff58}: Found class java.lang.Object, but interface was expected> (0x00000000891dff58) 
thrown [s\open\src\hotspot\share\interpreter\linkResolver.cpp, line 841]
Event: 12.746 Thread 0x0000020ee634f590 Implicit null exception at 0x0000020ef6171303 to 0x0000020ef6171452
Event: 12.769 Thread 0x0000020ee634f590 Exception <a 'java/lang/NoSuchMethodError'{0x0000000088e24240}: 'java.lang.Object java.lang.invoke.Invokers$Holder.invoke_MT(java.lang.Object, java.lang.Object, java.lang.Object, java.lang.Object, java.lang.Object, java.lang.Object, java.lang.Object, java.lang.Object, java.lang.Object, java.lang.Object, java.lang.Object)'> (0x0000000088e24240) 
thrown [s\open\src\hotspot\share\interpreter\linkResolver.cpp, line 774]
Event: 12.879 Thread 0x0000020ee634f590 Exception <a 'java/lang/NoSuchMethodError'{0x00000000889992c0}: 'java.lang.Object java.lang.invoke.DirectMethodHandle$Holder.newInvokeSpecial(java.lang.Object, java.lang.Object, int, java.lang.Object, java.lang.Object)'> (0x00000000889992c0) 
thrown [s\open\src\hotspot\share\interpreter\linkResolver.cpp, line 774]
Event: 17.199 Thread 0x0000020e8daa9df0 Exception <a 'java/lang/NoSuchMethodError'{0x000000008846b6a0}: 'java.lang.Object java.lang.invoke.DirectMethodHandle$Holder.invokeSpecial(java.lang.Object, java.lang.Object, java.lang.Object, java.lang.Object, java.lang.Object, long)'> (0x000000008846b6a0) 
thrown [s\open\src\hotspot\share\interpreter\linkResolver.cpp, line 774]
Event: 17.200 Thread 0x0000020e8daa9df0 Exception <a 'java/lang/NoSuchMethodError'{0x000000008846f308}: 'java.lang.Object java.lang.invoke.Invokers$Holder.linkToTargetMethod(java.lang.Object, java.lang.Object, java.lang.Object, long, java.lang.Object)'> (0x000000008846f308) 
thrown [s\open\src\hotspot\share\interpreter\linkResolver.cpp, line 774]
Event: 17.882 Thread 0x0000020e8daa98a0 Exception <a 'java/lang/NoSuchMethodError'{0x00000000876a7b48}: 'void java.lang.invoke.DirectMethodHandle$Holder.invokeSpecialIFC(java.lang.Object, java.lang.Object, int, java.lang.Object, java.lang.Object, java.lang.Object, java.lang.Object)'> (0x00000000876a7b48) 
thrown [s\open\src\hotspot\share\interpreter\linkResolver.cpp, line 774]

VM Operations (20 events):
Event: 12.649 Executing VM operation: HandshakeAllThreads
Event: 12.649 Executing VM operation: HandshakeAllThreads done
Event: 12.831 Executing VM operation: HandshakeAllThreads
Event: 12.831 Executing VM operation: HandshakeAllThreads done
Event: 13.836 Executing VM operation: Cleanup
Event: 13.837 Executing VM operation: Cleanup done
Event: 15.853 Executing VM operation: Cleanup
Event: 15.853 Executing VM operation: Cleanup done
Event: 17.242 Executing VM operation: HandshakeAllThreads
Event: 17.242 Executing VM operation: HandshakeAllThreads done
Event: 17.242 Executing VM operation: Cleanup
Event: 17.242 Executing VM operation: Cleanup done
Event: 17.693 Executing VM operation: HandshakeAllThreads
Event: 17.693 Executing VM operation: HandshakeAllThreads done
Event: 17.830 Executing VM operation: HandshakeAllThreads
Event: 17.830 Executing VM operation: HandshakeAllThreads done
Event: 17.850 Executing VM operation: HandshakeAllThreads
Event: 17.850 Executing VM operation: HandshakeAllThreads done
Event: 17.861 Executing VM operation: HandshakeAllThreads
Event: 17.861 Executing VM operation: HandshakeAllThreads done

Events (20 events):
Event: 11.102 Thread 0x0000020e8daaa890 Thread added: 0x0000020e8daaa890
Event: 12.532 Thread 0x0000020efebe4450 flushing nmethod 0x0000020eeebdd510
Event: 12.532 Thread 0x0000020efebe4450 flushing nmethod 0x0000020eeebf0f10
Event: 12.532 Thread 0x0000020efebe4450 flushing nmethod 0x0000020eeebf1c90
Event: 12.891 Thread 0x0000020e8daa9df0 Thread added: 0x0000020e8daa9df0
Event: 12.892 Thread 0x0000020e8daa98a0 Thread added: 0x0000020e8daa98a0
Event: 12.892 Thread 0x0000020e8daaade0 Thread added: 0x0000020e8daaade0
Event: 12.892 Thread 0x0000020e8daa48f0 Thread added: 0x0000020e8daa48f0
Event: 12.892 Thread 0x0000020e8daa7e10 Thread added: 0x0000020e8daa7e10
Event: 12.892 Thread 0x0000020e8daa6e20 Thread added: 0x0000020e8daa6e20
Event: 12.892 Thread 0x0000020e8daa4e40 Thread added: 0x0000020e8daa4e40
Event: 12.892 Thread 0x0000020e8daa7370 Thread added: 0x0000020e8daa7370
Event: 12.893 Thread 0x0000020e8daa88b0 Thread added: 0x0000020e8daa88b0
Event: 12.893 Thread 0x0000020e8daa6380 Thread added: 0x0000020e8daa6380
Event: 12.916 Thread 0x0000020e8df84f10 Thread added: 0x0000020e8df84f10
Event: 12.918 Thread 0x0000020e8df88430 Thread added: 0x0000020e8df88430
Event: 12.937 Thread 0x0000020ee634f590 Thread exited: 0x0000020ee634f590
Event: 12.937 Thread 0x0000020e8df85f00 Thread added: 0x0000020e8df85f00
Event: 13.517 Thread 0x0000020e8daa5e30 Thread exited: 0x0000020e8daa5e30
Event: 15.933 Thread 0x0000020e8af6a520 Thread exited: 0x0000020e8af6a520


Dynamic libraries:
0x00007ff63f980000 - 0x00007ff63f98e000 	C:\Users\veyde\.jdks\openjdk-19.0.1\bin\java.exe
0x00007ff876710000 - 0x00007ff876908000 	C:\Windows\SYSTEM32\ntdll.dll
0x00007ff874800000 - 0x00007ff8748c2000 	C:\Windows\System32\KERNEL32.DLL
0x00007ff8741e0000 - 0x00007ff8744de000 	C:\Windows\System32\KERNELBASE.dll
0x00007ff873f50000 - 0x00007ff874050000 	C:\Windows\System32\ucrtbase.dll
0x00007ff86e6b0000 - 0x00007ff86e6cb000 	C:\Users\veyde\.jdks\openjdk-19.0.1\bin\VCRUNTIME140.dll
0x00007ff870d70000 - 0x00007ff870d87000 	C:\Users\veyde\.jdks\openjdk-19.0.1\bin\jli.dll
0x00007ff874db0000 - 0x00007ff874f4d000 	C:\Windows\System32\USER32.dll
0x00007ff8741b0000 - 0x00007ff8741d2000 	C:\Windows\System32\win32u.dll
0x00007ff875eb0000 - 0x00007ff875edb000 	C:\Windows\System32\GDI32.dll
0x00007ff859a50000 - 0x00007ff859cea000 	C:\Windows\WinSxS\amd64_microsoft.windows.common-controls_6595b64144ccf1df_6.0.19041.4355_none_60b8b9eb71f62e16\COMCTL32.dll
0x00007ff873d80000 - 0x00007ff873e97000 	C:\Windows\System32\gdi32full.dll
0x00007ff874d10000 - 0x00007ff874dae000 	C:\Windows\System32\msvcrt.dll
0x00007ff874050000 - 0x00007ff8740ed000 	C:\Windows\System32\msvcp_win.dll
0x00007ff874a60000 - 0x00007ff874a8f000 	C:\Windows\System32\IMM32.DLL
0x00007ff86e6a0000 - 0x00007ff86e6ac000 	C:\Users\veyde\.jdks\openjdk-19.0.1\bin\vcruntime140_1.dll
0x00007ff843e60000 - 0x00007ff843eee000 	C:\Users\veyde\.jdks\openjdk-19.0.1\bin\msvcp140.dll
0x00007ff8293c0000 - 0x00007ff82a080000 	C:\Users\veyde\.jdks\openjdk-19.0.1\bin\server\jvm.dll
0x00007ff8763c0000 - 0x00007ff876471000 	C:\Windows\System32\ADVAPI32.dll
0x00007ff874f50000 - 0x00007ff874fef000 	C:\Windows\System32\sechost.dll
0x00007ff875610000 - 0x00007ff875733000 	C:\Windows\System32\RPCRT4.dll
0x00007ff874570000 - 0x00007ff874597000 	C:\Windows\System32\bcrypt.dll
0x00007ff86b400000 - 0x00007ff86b40a000 	C:\Windows\SYSTEM32\VERSION.dll
0x00007ff86d670000 - 0x00007ff86d679000 	C:\Windows\SYSTEM32\WSOCK32.dll
0x00007ff865310000 - 0x00007ff865337000 	C:\Windows\SYSTEM32\WINMM.dll
0x00007ff874700000 - 0x00007ff87476b000 	C:\Windows\System32\WS2_32.dll
0x00007ff8725a0000 - 0x00007ff8725b2000 	C:\Windows\SYSTEM32\kernel.appcore.dll
0x00007ff86e5e0000 - 0x00007ff86e5ea000 	C:\Users\veyde\.jdks\openjdk-19.0.1\bin\jimage.dll
0x00007ff8718d0000 - 0x00007ff871ab4000 	C:\Windows\SYSTEM32\DBGHELP.DLL
0x00007ff83f040000 - 0x00007ff83f074000 	C:\Windows\SYSTEM32\dbgcore.DLL
0x00007ff8744e0000 - 0x00007ff874562000 	C:\Windows\System32\bcryptPrimitives.dll
0x00007ff86d980000 - 0x00007ff86d98e000 	C:\Users\veyde\.jdks\openjdk-19.0.1\bin\instrument.dll
0x00007ff8645c0000 - 0x00007ff8645e6000 	C:\Users\veyde\.jdks\openjdk-19.0.1\bin\java.dll
0x00007ff839140000 - 0x00007ff839217000 	C:\Users\veyde\.jdks\openjdk-19.0.1\bin\jsvml.dll
0x00007ff875740000 - 0x00007ff875ead000 	C:\Windows\System32\SHELL32.dll
0x00007ff871de0000 - 0x00007ff872584000 	C:\Windows\SYSTEM32\windows.storage.dll
0x00007ff875ee0000 - 0x00007ff876233000 	C:\Windows\System32\combase.dll
0x00007ff8737b0000 - 0x00007ff8737de000 	C:\Windows\SYSTEM32\Wldp.dll
0x00007ff874c30000 - 0x00007ff874cfd000 	C:\Windows\System32\OLEAUT32.dll
0x00007ff874a90000 - 0x00007ff874b3d000 	C:\Windows\System32\SHCORE.dll
0x00007ff876360000 - 0x00007ff8763b5000 	C:\Windows\System32\shlwapi.dll
0x00007ff873cb0000 - 0x00007ff873cd4000 	C:\Windows\SYSTEM32\profapi.dll
0x00007ff862800000 - 0x00007ff862818000 	C:\Users\veyde\.jdks\openjdk-19.0.1\bin\zip.dll
0x00007ff862880000 - 0x00007ff862893000 	C:\Users\veyde\.jdks\openjdk-19.0.1\bin\net.dll
0x00007ff86ff00000 - 0x00007ff87000d000 	C:\Windows\SYSTEM32\WINHTTP.dll
0x00007ff873510000 - 0x00007ff87357a000 	C:\Windows\system32\mswsock.dll
0x00007ff862820000 - 0x00007ff862836000 	C:\Users\veyde\.jdks\openjdk-19.0.1\bin\nio.dll
0x00007ff8484a0000 - 0x00007ff8484ba000 	C:\Program Files\JetBrains\IntelliJ IDEA 2024.1.1\bin\breakgen64.dll
0x00007ff862870000 - 0x00007ff862878000 	C:\Users\veyde\.jdks\openjdk-19.0.1\bin\extnet.dll
0x00007ff862940000 - 0x00007ff86294e000 	C:\Users\veyde\.jdks\openjdk-19.0.1\bin\sunmscapi.dll
0x00007ff8745a0000 - 0x00007ff8746fc000 	C:\Windows\System32\CRYPT32.dll
0x00007ff873820000 - 0x00007ff873847000 	C:\Windows\SYSTEM32\ncrypt.dll
0x00007ff8737e0000 - 0x00007ff87381b000 	C:\Windows\SYSTEM32\NTASN1.dll
0x00007ff873710000 - 0x00007ff873728000 	C:\Windows\SYSTEM32\CRYPTSP.dll
0x00007ff872dc0000 - 0x00007ff872df4000 	C:\Windows\system32\rsaenh.dll
0x00007ff873c70000 - 0x00007ff873c9e000 	C:\Windows\SYSTEM32\USERENV.dll
0x00007ff873700000 - 0x00007ff87370c000 	C:\Windows\SYSTEM32\CRYPTBASE.dll
0x00007ff8731a0000 - 0x00007ff8731db000 	C:\Windows\SYSTEM32\IPHLPAPI.DLL
0x00007ff874b40000 - 0x00007ff874b48000 	C:\Windows\System32\NSI.dll
0x00007ff86e9b0000 - 0x00007ff86e9c7000 	C:\Windows\SYSTEM32\dhcpcsvc6.DLL
0x00007ff86e800000 - 0x00007ff86e81d000 	C:\Windows\SYSTEM32\dhcpcsvc.DLL
0x00007ff8731e0000 - 0x00007ff8732aa000 	C:\Windows\SYSTEM32\DNSAPI.dll
0x00007ff86d680000 - 0x00007ff86d68a000 	C:\Users\veyde\.jdks\openjdk-19.0.1\bin\management.dll
0x00007ff867010000 - 0x00007ff86701b000 	C:\Users\veyde\.jdks\openjdk-19.0.1\bin\management_ext.dll
0x00007ff876690000 - 0x00007ff876698000 	C:\Windows\System32\PSAPI.DLL
0x00007ff862850000 - 0x00007ff862860000 	C:\Users\veyde\.jdks\openjdk-19.0.1\bin\verify.dll
0x00000000528f0000 - 0x0000000052916000 	C:\Program Files\Bonjour\mdnsNSP.dll
0x00007ff86ba80000 - 0x00007ff86ba8a000 	C:\Windows\System32\rasadhlp.dll
0x00007ff867f60000 - 0x00007ff867fe0000 	C:\Windows\System32\fwpuclnt.dll
0x00007ff83a5a0000 - 0x00007ff83a5a7000 	C:\Windows\system32\wshunix.dll

dbghelp: loaded successfully - version: 4.0.5 - missing functions: none
symbol engine: initialized successfully - sym options: 0x614 - pdb path: .;C:\Users\veyde\.jdks\openjdk-19.0.1\bin;C:\Windows\SYSTEM32;C:\Windows\WinSxS\amd64_microsoft.windows.common-controls_6595b64144ccf1df_6.0.19041.4355_none_60b8b9eb71f62e16;C:\Users\veyde\.jdks\openjdk-19.0.1\bin\server;C:\Program Files\JetBrains\IntelliJ IDEA 2024.1.1\bin;C:\Program Files\Bonjour

VM Arguments:
jvm_args: -Dvisualvm.id=35246095762800 -javaagent:C:\Program Files\JetBrains\IntelliJ IDEA 2024.1.1\lib\idea_rt.jar=61369:C:\Program Files\JetBrains\IntelliJ IDEA 2024.1.1\bin -Dfile.encoding=UTF-8 -Dsun.stdout.encoding=UTF-8 -Dsun.stderr.encoding=UTF-8 
java_command: org.example.is_coursework.IsCourseWorkApplication
java_class_path (initial): C:\Users\veyde\OneDrive\\_\\IS_CourseWork\target\classes;C:\Users\veyde\.m2\repository\org\springframework\boot\spring-boot-starter-data-jpa\3.4.0\spring-boot-starter-data-jpa-3.4.0.jar;C:\Users\veyde\.m2\repository\org\springframework\boot\spring-boot-starter\3.4.0\spring-boot-starter-3.4.0.jar;C:\Users\veyde\.m2\repository\org\springframework\boot\spring-boot\3.4.0\spring-boot-3.4.0.jar;C:\Users\veyde\.m2\repository\org\springframework\boot\spring-boot-autoconfigure\3.4.0\spring-boot-autoconfigure-3.4.0.jar;C:\Users\veyde\.m2\repository\org\springframework\boot\spring-boot-starter-logging\3.4.0\spring-boot-starter-logging-3.4.0.jar;C:\Users\veyde\.m2\repository\ch\qos\logback\logback-classic\1.5.12\logback-classic-1.5.12.jar;C:\Users\veyde\.m2\repository\ch\qos\logback\logback-core\1.5.12\logback-core-1.5.12.jar;C:\Users\veyde\.m2\repository\org\apache\logging\log4j\log4j-to-slf4j\2.24.1\log4j-to-slf4j-2.24.1.jar;C:\Users\veyde\.m2\repository\org\apache\logging\log4j\log4j-api\2.24.1\log4j-api-2.24.1.jar;C:\Users\veyde\.m2\repository\org\slf4j\jul-to-slf4j\2.0.16\jul-to-slf4j-2.0.16.jar;C:\Users\veyde\.m2\repository\org\yaml\snakeyaml\2.3\snakeyaml-2.3.jar;C:\Users\veyde\.m2\repository\org\springframework\boot\spring-boot-starter-jdbc\3.4.0\spring-boot-starter-jdbc-3.4.0.jar;C:\Users\veyde\.m2\repository\com\zaxxer\HikariCP\5.1.0\HikariCP-5.1.0.jar;C:\Users\veyde\.m2\repository\org\springframework\spring-jdbc\6.2.0\spring-jdbc-6.2.0.jar;C:\Users\veyde\.m2\repository\org\hibernate\orm\hibernate-core\6.6.2.Final\hibernate-core-6.6.2.Final.jar;C:\Users\veyde\.m2\repository\jakarta\persistence\jakarta.persistence-api\3.1.0\jakarta.persistence-api-3.1.0.jar;C:\Users\veyde\.m2\repository\jakarta\transaction\jakarta.transaction-api\2.0.1\jakarta.transaction-api-2.0.1.jar;C:\Users\veyde\.m2\repository\org\jboss\logging\jboss-logging\3.6.1.Final\jboss-logging-3.6.1.Final.jar;C:\Users\veyde\.m2\repository\org\hibernate\common\hibernate-commons-annotations\7.0.3.Final\hibernate-commons-annotations-7.0.3.Final.jar;C:\Users\veyde\.m2\repository\io\smallrye\jandex\3.2.0\jandex-3.2.0.jar;C:\Users\veyde\.m2\repository\com\fasterxml\classmate\1.7.0\classmate-1.7.0.jar;C:\Users\veyde\.m2\repository\net\bytebuddy\byte-buddy\1.15.10\byte-buddy-1.15.10.jar;C:\Users\veyde\.m2\repository\org\glassfish\jaxb\jaxb-runtime\4.0.5\jaxb-runtime-4.0.5.jar;C:\Users\veyde\.m2\repository\org\glassfish\jaxb\jaxb-core\4.0.5\jaxb-core-4.0.5.jar;C:\Users\veyde\.m2\repository\org\glassfish\jaxb\txw2\4.0.5\txw2-4.0.5.jar;C:\Users\veyde\.m2\repository\com\sun\istack\istack-commons-runtime\4.1.2\istack-commons-runtime-4.1.2.jar;C:\Users\veyde\.m2\repository\jakarta\inject\jakarta.inject-api\2.0.1\jakarta.inject-api-2.0.1.jar;C:\Users\veyde\.m2\repository\org\antlr\antlr4-runtime\4.13.0\antlr4-runtime-4.13.0.jar;C:\Users\veyde\.m2\repository\org\springframework\data\spring-data-jpa\3.4.0\spring-data-jpa-3.4.0.jar;C:\Users\veyde\.m2\repository\org\springframework\data\spring-data-commons\3.4.0\spring-data-commons-3.4.0.jar;C:\Users\veyde\.m2\repository\org\springframework\spring-orm\6.2.0\spring-orm-6.2.0.jar;C:\Users\veyde\.m2\repository\org\springframework\spring-context\6.2.0\spring-context-6.2.0.jar;C:\Users\veyde\.m2\repository\io\micrometer\micrometer-observation\1.14.1\micrometer-observation-1.14.1.jar;C:\Users\veyde\.m2\repository\io\micrometer\micrometer-commons\1.14.1\micrometer-commons-1.14.1.jar;C:\Users\veyde\.m2\repository\org\springframework\spring-tx\6.2.0\spring-tx-6.2.0.jar;C:\Users\veyde\.m2\repository\org\springframework\spring-beans\6.2.0\spring-beans-6.2.0.jar;C:\Users\veyde\.m2\repository\org\slf4j\slf4j-api\2.0.16\slf4j-api-2.0.16.jar;C:\Users\veyde\.m2\repository\org\springframework\spring-aspects\6.2.0\spring-aspects-6.2.0.jar;C:\Users\veyde\.m2\repository\org\aspectj\aspectjweaver\1.9.22.1\aspectjweaver-1.9.22.1.jar;C:\Users\veyde\.m2\repository\org\springframework\boot\spring-boot-starter-web-services\3.4.0\spring-boot-starter-web-services-3.4.0.jar;C:\Users\veyde\.m2\repository\org\springframework\boot\spring-boot-starter-web\3.4.0\spring-boot-starter-web-3.4.0.jar;C:\Users\veyde\.m2\repository\org\springframework\boot\spring-boot-starter-json\3.4.0\spring-boot-starter-json-3.4.0.jar;C:\Users\veyde\.m2\repository\com\fasterxml\jackson\datatype\jackson-datatype-jdk8\2.18.1\jackson-datatype-jdk8-2.18.1.jar;C:\Users\veyde\.m2\repository\com\fasterxml\jackson\datatype\jackson-datatype-jsr310\2.18.1\jackson-datatype-jsr310-2.18.1.jar;C:\Users\veyde\.m2\repository\com\fasterxml\jackson\module\jackson-module-parameter-names\2.18.1\jackson-module-parameter-names-2.18.1.jar;C:\Users\veyde\.m2\repository\org\springframework\spring-web\6.2.0\spring-web-6.2.0.jar;C:\Users\veyde\.m2\repository\org\springframework\spring-webmvc\6.2.0\spring-webmvc-6.2.0.jar;C:\Users\veyde\.m2\repository\com\sun\xml\messaging\saaj\saaj-impl\3.0.4\saaj-impl-3.0.4.jar;C:\Users\veyde\.m2\repository\jakarta\xml\soap\jakarta.xml.soap-api\3.0.2\jakarta.xml.soap-api-3.0.2.jar;C:\Users\veyde\.m2\repository\org\jvnet\staxex\stax-ex\2.1.0\stax-ex-2.1.0.jar;C:\Users\veyde\.m2\repository\jakarta\activation\jakarta.activation-api\2.1.3\jakarta.activation-api-2.1.3.jar;C:\Users\veyde\.m2\repository\org\eclipse\angus\angus-activation\2.0.2\angus-activation-2.0.2.jar;C:\Users\veyde\.m2\repository\jakarta\xml\ws\jakarta.xml.ws-api\4.0.2\jakarta.xml.ws-api-4.0.2.jar;C:\Users\veyde\.m2\repository\org\springframework\spring-oxm\6.2.0\spring-oxm-6.2.0.jar;C:\Users\veyde\.m2\repository\org\springframework\ws\spring-ws-core\4.0.11\spring-ws-core-4.0.11.jar;C:\Users\veyde\.m2\repository\org\springframework\ws\spring-xml\4.0.11\spring-xml-4.0.11.jar;C:\Users\veyde\.m2\repository\org\springframework\boot\spring-boot-starter-tomcat\3.4.0\spring-boot-starter-tomcat-3.4.0.jar;C:\Users\veyde\.m2\repository\jakarta\annotation\jakarta.annotation-api\2.1.1\jakarta.annotation-api-2.1.1.jar;C:\Users\veyde\.m2\repository\org\apache\tomcat\embed\tomcat-embed-core\10.1.33\tomcat-embed-core-10.1.33.jar;C:\Users\veyde\.m2\repository\org\apache\tomcat\embed\tomcat-embed-el\10.1.33\tomcat-embed-el-10.1.33.jar;C:\Users\veyde\.m2\repository\org\apache\tomcat\embed\tomcat-embed-websocket\10.1.33\tomcat-embed-websocket-10.1.33.jar;C:\Users\veyde\.m2\repository\jakarta\xml\bind\jakarta.xml.bind-api\4.0.2\jakarta.xml.bind-api-4.0.2.jar;C:\Users\veyde\.m2\repository\org\springframework\spring-core\6.2.0\spring-core-6.2.0.jar;C:\Users\veyde\.m2\repository\org\springframework\spring-jcl\6.2.0\spring-jcl-6.2.0.jar;C:\Users\veyde\.m2\repository\org\springframework\boot\spring-boot-starter-security\2.4.0\spring-boot-starter-security-2.4.0.jar;C:\Users\veyde\.m2\repository\org\springframework\spring-aop\6.2.0\spring-aop-6.2.0.jar;C:\Users\veyde\.m2\repository\org\springframework\security\spring-security-config\6.4.1\spring-security-config-6.4.1.jar;C:\Users\veyde\.m2\repository\org\springframework\security\spring-security-core\6.4.1\spring-security-core-6.4.1.jar;C:\Users\veyde\.m2\repository\org\springframework\security\spring-security-crypto\6.4.1\spring-security-crypto-6.4.1.jar;C:\Users\veyde\.m2\repository\org\springframework\security\spring-security-web\6.4.1\spring-security-web-6.4.1.jar;C:\Users\veyde\.m2\repository\org\springframework\spring-expression\6.2.0\spring-expression-6.2.0.jar;C:\Users\veyde\.m2\repository\org\springframework\boot\spring-boot-starter-validation\3.4.0\spring-boot-starter-validation-3.4.0.jar;C:\Users\veyde\.m2\repository\org\hibernate\validator\hibernate-validator\8.0.1.Final\hibernate-validator-8.0.1.Final.jar;C:\Users\veyde\.m2\repository\jakarta\validation\jakarta.validation-api\3.0.2\jakarta.validation-api-3.0.2.jar;C:\Users\veyde\.m2\repository\org\postgresql\postgresql\42.7.4\postgresql-42.7.4.jar;C:\Users\veyde\.m2\repository\org\checkerframework\checker-qual\3.42.0\checker-qual-3.42.0.jar;C:\Users\veyde\.m2\repository\org\projectlombok\lombok\1.18.36\lombok-1.18.36.jar;C:\Users\veyde\.m2\repository\org\apache\commons\commons-lang3\3.17.0\commons-lang3-3.17.0.jar;C:\Users\veyde\.m2\repository\io\jsonwebtoken\jjwt-api\0.12.6\jjwt-api-0.12.6.jar;C:\Users\veyde\.m2\repository\io\jsonwebtoken\jjwt\0.12.6\jjwt-0.12.6.jar;C:\Users\veyde\.m2\repository\io\jsonwebtoken\jjwt-impl\0.12.6\jjwt-impl-0.12.6.jar;C:\Users\veyde\.m2\repository\io\jsonwebtoken\jjwt-jackson\0.12.6\jjwt-jackson-0.12.6.jar;C:\Users\veyde\.m2\repository\com\fasterxml\jackson\core\jackson-databind\2.18.1\jackson-databind-2.18.1.jar;C:\Users\veyde\.m2\repository\com\fasterxml\jackson\core\jackson-annotations\2.18.1\jackson-annotations-2.18.1.jar;C:\Users\veyde\.m2\repository\com\fasterxml\jackson\core\jackson-core\2.18.1\jackson-core-2.18.1.jar
Launcher Type: SUN_STANDARD

[Global flags]
     intx CICompilerCount                          = 4                                         {product} {ergonomic}
     uint ConcGCThreads                            = 2                                         {product} {ergonomic}
     uint G1ConcRefinementThreads                  = 8                                         {product} {ergonomic}
   size_t G1HeapRegionSize                         = 1048576                                   {product} {ergonomic}
    uintx GCDrainStackTargetSize                   = 64                                        {product} {ergonomic}
   size_t InitialHeapSize                          = 130023424                                 {product} {ergonomic}
   size_t MarkStackSize                            = 4194304                                   {product} {ergonomic}
   size_t MaxHeapSize                              = 2080374784                                {product} {ergonomic}
   size_t MaxNewSize                               = 1247805440                                {product} {ergonomic}
   size_t MinHeapDeltaBytes                        = 1048576                                   {product} {ergonomic}
   size_t MinHeapSize                              = 8388608                                   {product} {ergonomic}
    uintx NonNMethodCodeHeapSize                   = 5839372                                {pd product} {ergonomic}
    uintx NonProfiledCodeHeapSize                  = 122909434                              {pd product} {ergonomic}
    uintx ProfiledCodeHeapSize                     = 122909434                              {pd product} {ergonomic}
    uintx ReservedCodeCacheSize                    = 251658240                              {pd product} {ergonomic}
     bool SegmentedCodeCache                       = true                                      {product} {ergonomic}
   size_t SoftMaxHeapSize                          = 2080374784                             {manageable} {ergonomic}
     bool UseCompressedClassPointers               = true                           {product lp64_product} {ergonomic}
     bool UseCompressedOops                        = true                           {product lp64_product} {ergonomic}
     bool UseG1GC                                  = true                                      {product} {ergonomic}
     bool UseLargePagesIndividualAllocation        = false                                  {pd product} {ergonomic}

Logging:
Log output configuration:
 #0: stdout all=warning uptime,level,tags foldmultilines=false
 #1: stderr all=off uptime,level,tags foldmultilines=false

Environment Variables:
PATH=C:\Program Files\Common Files\Oracle\Java\javapath;C:\Program Files (x86)\Common Files\Oracle\Java\javapath;c:\users\veyde\gcc\bin;c:\users\veyde\gcc\libexec\gcc\i686-pc-mingw32\13.2.0;c:\users\veyde\gcc\libexec\gcc\x86_64-w64-mingw32\13.2.0;C:\Program Files\Microsoft\jdk-11.0.12.7-hotspot\bin;C:\Windows\system32;C:\Windows;C:\Windows\System32\Wbem;C:\Windows\System32\WindowsPowerShell\v1.0\;C:\Windows\System32\OpenSSH\;C:\Program Files\Microsoft SQL Server\150\Tools\Binn\;C:\Program Files\Microsoft SQL Server\Client SDK\ODBC\170\Tools\Binn\;C:\Program Files\dotnet\;C:\Program Files (x86)\dotnet\;C:\Program Files\Graphviz\bin;C:\Program Files\nodejs\;C:\Program Files\Git\cmd;C:\Program Files\TortoiseSVN\bin;C:\Program Files\PuTTY\;C:\Program Files\Common Files\Oracle\Java\javapath;C:\Program Files (x86)\Common Files\Oracle\Java\javapath;c:\users\veyde\gcc\bin;c:\users\veyde\gcc\libexec\gcc\i686-pc-mingw32\13.2.0;c:\users\veyde\gcc\libexec\gcc\x86_64-w64-mingw32\13.2.0;C:\Program Files\Microsoft\jdk-11.0.12.7-hotspot\bin;C:\Windows\system32;C:\Windows;C:\Windows\System32\Wbem;C:\Windows\System32\WindowsPowerShell\v1.0\;C:\Windows\System32\OpenSSH\;C:\Program Files\Microsoft SQL Server\150\Tools\Binn\;C:\Program Files\Microsoft SQL Server\Client SDK\ODBC\170\Tools\Binn\;C:\Program Files\dotnet\;C:\Program Files (x86)\dotnet\;C:\Program Files\Graphviz\bin;C:\Program Files\nodejs\;C:\Program Files\Git\cmd;C:\Program Files\TortoiseSVN\bin;C:\Program Files\PuTTY\;C:\Users\veyde\AppData\Local\Microsoft\WindowsApps;C:\Users\veyde\AppData\Local\Programs\Microsoft VS Code\bin;C:\Users\veyde\.dotnet\tools;C:\Drivers\Graphviz\bin;C:\Users\veyde\AppData\Local\GitHubDesktop\bin;C:\Users\veyde\AppData\Roaming\npm;C:\Program Files\Erlang OTP\bin;C:\Pr;C:\Users\veyde\bin;C:\Users\veyde\AppData\Local\Apps\clojure\
USERNAME=veyde
OS=Windows_NT
PROCESSOR_IDENTIFIER=Intel64 Family 6 Model 140 Stepping 1, GenuineIntel
TMP=C:\Users\veyde\AppData\Local\Temp
TEMP=C:\Users\veyde\AppData\Local\Temp



---------------  S Y S T E M  ---------------

OS:
 Windows 10 , 64 bit Build 19041 (10.0.19041.5072)
OS uptime: 0 days 9:47 hours

CPU: total 8 (initial active 8) (4 cores per cpu, 2 threads per core) family 6 model 140 stepping 1 microcode 0xa4, cx8, cmov, fxsr, ht, mmx, 3dnowpref, sse, sse2, sse3, ssse3, sse4.1, sse4.2, popcnt, lzcnt, tsc, tscinvbit, avx, avx2, aes, erms, clmul, bmi1, bmi2, adx, avx512f, avx512dq, avx512cd, avx512bw, avx512vl, sha, fma, vzeroupper, avx512_vpopcntdq, avx512_vpclmulqdq, avx512_vaes, avx512_vnni, clflush, clflushopt, clwb, avx512_vbmi2, avx512_vbmi, rdtscp, rdpid, fsrm, gfni, avx512_bitalg

Memory: 4k page, system-wide physical 7930M (322M free)
TotalPageFile size 32506M (AvailPageFile size 2M)
current process WorkingSet (physical memory assigned to process): 297M, peak: 310M
current process commit charge ("private bytes"): 340M, peak: 349M

vm_info: OpenJDK 64-Bit Server VM (19.0.1+10-21) for windows-amd64 JRE (19.0.1+10-21), built on 2022-09-14T12:45:06Z by "mach5one" with MS VC++ 17.1 (VS2022)

END.
